<?xml version="1.0" encoding="UTF-8"?>
<testsuite xmlns:xsi="http://www.w3.org/2001/XMLSchema-instance" xsi:noNamespaceSchemaLocation="https://maven.apache.org/surefire/maven-surefire-plugin/xsd/surefire-test-report.xsd" name="com.lkmotion.yesincar.VehicleMapTest" time="3.821" tests="1" errors="1" skipped="0" failures="0">
  <properties>
    <property name="sun.desktop" value="windows"/>
    <property name="awt.toolkit" value="sun.awt.windows.WToolkit"/>
    <property name="file.encoding.pkg" value="sun.io"/>
    <property name="java.specification.version" value="1.8"/>
    <property name="sun.cpu.isalist" value="amd64"/>
    <property name="sun.jnu.encoding" value="GBK"/>
    <property name="java.class.path" value="D:\wkide\yesincar-java-server\yesincar\map-service\target\test-classes;D:\wkide\yesincar-java-server\yesincar\map-service\target\classes;D:\wkide\yesincar-java-server\yesincar\internal-service\target\internal-service-0.0.1-SNAPSHOT.jar;C:\Users\lizha\.m2\repository\org\springframework\boot\spring-boot-starter-aop\2.0.4.RELEASE\spring-boot-starter-aop-2.0.4.RELEASE.jar;C:\Users\lizha\.m2\repository\org\springframework\spring-aop\5.0.8.RELEASE\spring-aop-5.0.8.RELEASE.jar;C:\Users\lizha\.m2\repository\org\aspectj\aspectjweaver\1.8.13\aspectjweaver-1.8.13.jar;C:\Users\lizha\.m2\repository\org\springframework\boot\spring-boot-starter-activemq\2.0.4.RELEASE\spring-boot-starter-activemq-2.0.4.RELEASE.jar;C:\Users\lizha\.m2\repository\org\springframework\spring-jms\5.0.8.RELEASE\spring-jms-5.0.8.RELEASE.jar;C:\Users\lizha\.m2\repository\org\springframework\spring-messaging\5.0.8.RELEASE\spring-messaging-5.0.8.RELEASE.jar;C:\Users\lizha\.m2\repository\org\springframework\spring-tx\5.0.8.RELEASE\spring-tx-5.0.8.RELEASE.jar;C:\Users\lizha\.m2\repository\org\apache\activemq\activemq-broker\5.15.4\activemq-broker-5.15.4.jar;C:\Users\lizha\.m2\repository\org\apache\activemq\activemq-openwire-legacy\5.15.4\activemq-openwire-legacy-5.15.4.jar;C:\Users\lizha\.m2\repository\com\google\guava\guava\18.0\guava-18.0.jar;C:\Users\lizha\.m2\repository\javax\jms\javax.jms-api\2.0.1\javax.jms-api-2.0.1.jar;C:\Users\lizha\.m2\repository\org\apache\activemq\activemq-pool\5.15.4\activemq-pool-5.15.4.jar;C:\Users\lizha\.m2\repository\org\slf4j\slf4j-api\1.7.25\slf4j-api-1.7.25.jar;C:\Users\lizha\.m2\repository\org\apache\activemq\activemq-jms-pool\5.15.4\activemq-jms-pool-5.15.4.jar;C:\Users\lizha\.m2\repository\org\apache\geronimo\specs\geronimo-jms_1.1_spec\1.1.1\geronimo-jms_1.1_spec-1.1.1.jar;C:\Users\lizha\.m2\repository\org\apache\activemq\activemq-client\5.15.4\activemq-client-5.15.4.jar;C:\Users\lizha\.m2\repository\org\fusesource\hawtbuf\hawtbuf\1.11\hawtbuf-1.11.jar;C:\Users\lizha\.m2\repository\org\apache\geronimo\specs\geronimo-j2ee-management_1.1_spec\1.0.1\geronimo-j2ee-management_1.1_spec-1.0.1.jar;C:\Users\lizha\.m2\repository\org\apache\geronimo\specs\geronimo-jta_1.0.1B_spec\1.0.1\geronimo-jta_1.0.1B_spec-1.0.1.jar;C:\Users\lizha\.m2\repository\org\apache\commons\commons-pool2\2.5.0\commons-pool2-2.5.0.jar;C:\Users\lizha\.m2\repository\org\apache\commons\commons-lang3\3.7\commons-lang3-3.7.jar;C:\Users\lizha\.m2\repository\net\sf\json-lib\json-lib\2.3\json-lib-2.3-jdk15.jar;C:\Users\lizha\.m2\repository\commons-beanutils\commons-beanutils\1.8.0\commons-beanutils-1.8.0.jar;C:\Users\lizha\.m2\repository\commons-collections\commons-collections\3.2.1\commons-collections-3.2.1.jar;C:\Users\lizha\.m2\repository\commons-lang\commons-lang\2.4\commons-lang-2.4.jar;C:\Users\lizha\.m2\repository\commons-logging\commons-logging\1.1.1\commons-logging-1.1.1.jar;C:\Users\lizha\.m2\repository\net\sf\ezmorph\ezmorph\1.0.6\ezmorph-1.0.6.jar;C:\Users\lizha\.m2\repository\com\aliyun\aliyun-java-sdk-core\3.3.1\aliyun-java-sdk-core-3.3.1.jar;C:\Users\lizha\.m2\repository\com\aliyun\aliyun-java-sdk-dyplsapi\1.0.1\aliyun-java-sdk-dyplsapi-1.0.1.jar;C:\Users\lizha\.m2\repository\com\aliyun\oss\aliyun-sdk-oss\2.8.2\aliyun-sdk-oss-2.8.2.jar;C:\Users\lizha\.m2\repository\org\springframework\boot\spring-boot-starter-cache\2.0.4.RELEASE\spring-boot-starter-cache-2.0.4.RELEASE.jar;C:\Users\lizha\.m2\repository\org\springframework\boot\spring-boot-starter\2.0.4.RELEASE\spring-boot-starter-2.0.4.RELEASE.jar;C:\Users\lizha\.m2\repository\org\springframework\boot\spring-boot-starter-logging\2.0.4.RELEASE\spring-boot-starter-logging-2.0.4.RELEASE.jar;C:\Users\lizha\.m2\repository\ch\qos\logback\logback-classic\1.2.3\logback-classic-1.2.3.jar;C:\Users\lizha\.m2\repository\ch\qos\logback\logback-core\1.2.3\logback-core-1.2.3.jar;C:\Users\lizha\.m2\repository\org\apache\logging\log4j\log4j-to-slf4j\2.10.0\log4j-to-slf4j-2.10.0.jar;C:\Users\lizha\.m2\repository\org\apache\logging\log4j\log4j-api\2.10.0\log4j-api-2.10.0.jar;C:\Users\lizha\.m2\repository\org\slf4j\jul-to-slf4j\1.7.25\jul-to-slf4j-1.7.25.jar;C:\Users\lizha\.m2\repository\javax\annotation\javax.annotation-api\1.3.2\javax.annotation-api-1.3.2.jar;C:\Users\lizha\.m2\repository\org\yaml\snakeyaml\1.19\snakeyaml-1.19.jar;C:\Users\lizha\.m2\repository\org\springframework\spring-context\5.0.8.RELEASE\spring-context-5.0.8.RELEASE.jar;C:\Users\lizha\.m2\repository\org\springframework\spring-beans\5.0.8.RELEASE\spring-beans-5.0.8.RELEASE.jar;C:\Users\lizha\.m2\repository\org\springframework\spring-expression\5.0.8.RELEASE\spring-expression-5.0.8.RELEASE.jar;C:\Users\lizha\.m2\repository\org\springframework\spring-context-support\5.0.8.RELEASE\spring-context-support-5.0.8.RELEASE.jar;C:\Users\lizha\.m2\repository\org\springframework\boot\spring-boot-devtools\2.0.4.RELEASE\spring-boot-devtools-2.0.4.RELEASE.jar;C:\Users\lizha\.m2\repository\org\springframework\boot\spring-boot\2.0.4.RELEASE\spring-boot-2.0.4.RELEASE.jar;C:\Users\lizha\.m2\repository\org\springframework\boot\spring-boot-autoconfigure\2.0.4.RELEASE\spring-boot-autoconfigure-2.0.4.RELEASE.jar;C:\Users\lizha\.m2\repository\org\springframework\boot\spring-boot-configuration-processor\2.0.4.RELEASE\spring-boot-configuration-processor-2.0.4.RELEASE.jar;C:\Users\lizha\.m2\repository\org\projectlombok\lombok\1.16.22\lombok-1.16.22.jar;C:\Users\lizha\.m2\repository\org\springframework\boot\spring-boot-starter-test\2.0.4.RELEASE\spring-boot-starter-test-2.0.4.RELEASE.jar;C:\Users\lizha\.m2\repository\org\springframework\boot\spring-boot-test\2.0.4.RELEASE\spring-boot-test-2.0.4.RELEASE.jar;C:\Users\lizha\.m2\repository\org\springframework\boot\spring-boot-test-autoconfigure\2.0.4.RELEASE\spring-boot-test-autoconfigure-2.0.4.RELEASE.jar;C:\Users\lizha\.m2\repository\com\jayway\jsonpath\json-path\2.4.0\json-path-2.4.0.jar;C:\Users\lizha\.m2\repository\net\minidev\json-smart\2.3\json-smart-2.3.jar;C:\Users\lizha\.m2\repository\net\minidev\accessors-smart\1.2\accessors-smart-1.2.jar;C:\Users\lizha\.m2\repository\org\ow2\asm\asm\5.0.4\asm-5.0.4.jar;C:\Users\lizha\.m2\repository\junit\junit\4.12\junit-4.12.jar;C:\Users\lizha\.m2\repository\org\assertj\assertj-core\3.9.1\assertj-core-3.9.1.jar;C:\Users\lizha\.m2\repository\org\mockito\mockito-core\2.15.0\mockito-core-2.15.0.jar;C:\Users\lizha\.m2\repository\net\bytebuddy\byte-buddy\1.7.11\byte-buddy-1.7.11.jar;C:\Users\lizha\.m2\repository\net\bytebuddy\byte-buddy-agent\1.7.11\byte-buddy-agent-1.7.11.jar;C:\Users\lizha\.m2\repository\org\objenesis\objenesis\2.6\objenesis-2.6.jar;C:\Users\lizha\.m2\repository\org\hamcrest\hamcrest-core\1.3\hamcrest-core-1.3.jar;C:\Users\lizha\.m2\repository\org\hamcrest\hamcrest-library\1.3\hamcrest-library-1.3.jar;C:\Users\lizha\.m2\repository\org\skyscreamer\jsonassert\1.5.0\jsonassert-1.5.0.jar;C:\Users\lizha\.m2\repository\com\vaadin\external\google\android-json\0.0.20131108.vaadin1\android-json-0.0.20131108.vaadin1.jar;C:\Users\lizha\.m2\repository\org\springframework\spring-core\5.0.8.RELEASE\spring-core-5.0.8.RELEASE.jar;C:\Users\lizha\.m2\repository\org\springframework\spring-jcl\5.0.8.RELEASE\spring-jcl-5.0.8.RELEASE.jar;C:\Users\lizha\.m2\repository\org\springframework\spring-test\5.0.8.RELEASE\spring-test-5.0.8.RELEASE.jar;C:\Users\lizha\.m2\repository\org\xmlunit\xmlunit-core\2.5.1\xmlunit-core-2.5.1.jar;C:\Users\lizha\.m2\repository\org\springframework\boot\spring-boot-starter-web\2.0.4.RELEASE\spring-boot-starter-web-2.0.4.RELEASE.jar;C:\Users\lizha\.m2\repository\org\springframework\boot\spring-boot-starter-json\2.0.4.RELEASE\spring-boot-starter-json-2.0.4.RELEASE.jar;C:\Users\lizha\.m2\repository\com\fasterxml\jackson\core\jackson-databind\2.9.6\jackson-databind-2.9.6.jar;C:\Users\lizha\.m2\repository\com\fasterxml\jackson\core\jackson-annotations\2.9.0\jackson-annotations-2.9.0.jar;C:\Users\lizha\.m2\repository\com\fasterxml\jackson\core\jackson-core\2.9.6\jackson-core-2.9.6.jar;C:\Users\lizha\.m2\repository\com\fasterxml\jackson\datatype\jackson-datatype-jdk8\2.9.6\jackson-datatype-jdk8-2.9.6.jar;C:\Users\lizha\.m2\repository\com\fasterxml\jackson\datatype\jackson-datatype-jsr310\2.9.6\jackson-datatype-jsr310-2.9.6.jar;C:\Users\lizha\.m2\repository\com\fasterxml\jackson\module\jackson-module-parameter-names\2.9.6\jackson-module-parameter-names-2.9.6.jar;C:\Users\lizha\.m2\repository\org\springframework\boot\spring-boot-starter-tomcat\2.0.4.RELEASE\spring-boot-starter-tomcat-2.0.4.RELEASE.jar;C:\Users\lizha\.m2\repository\org\apache\tomcat\embed\tomcat-embed-core\8.5.32\tomcat-embed-core-8.5.32.jar;C:\Users\lizha\.m2\repository\org\apache\tomcat\embed\tomcat-embed-el\8.5.32\tomcat-embed-el-8.5.32.jar;C:\Users\lizha\.m2\repository\org\apache\tomcat\embed\tomcat-embed-websocket\8.5.32\tomcat-embed-websocket-8.5.32.jar;C:\Users\lizha\.m2\repository\org\hibernate\validator\hibernate-validator\6.0.11.Final\hibernate-validator-6.0.11.Final.jar;C:\Users\lizha\.m2\repository\javax\validation\validation-api\2.0.1.Final\validation-api-2.0.1.Final.jar;C:\Users\lizha\.m2\repository\org\jboss\logging\jboss-logging\3.3.2.Final\jboss-logging-3.3.2.Final.jar;C:\Users\lizha\.m2\repository\com\fasterxml\classmate\1.3.4\classmate-1.3.4.jar;C:\Users\lizha\.m2\repository\org\springframework\spring-web\5.0.8.RELEASE\spring-web-5.0.8.RELEASE.jar;C:\Users\lizha\.m2\repository\org\springframework\spring-webmvc\5.0.8.RELEASE\spring-webmvc-5.0.8.RELEASE.jar;"/>
    <property name="java.vm.vendor" value="Oracle Corporation"/>
    <property name="sun.arch.data.model" value="64"/>
    <property name="user.variant" value=""/>
    <property name="java.vendor.url" value="http://java.oracle.com/"/>
    <property name="user.timezone" value=""/>
    <property name="java.vm.specification.version" value="1.8"/>
    <property name="os.name" value="Windows 10"/>
    <property name="user.country" value="CN"/>
    <property name="sun.java.launcher" value="SUN_STANDARD"/>
    <property name="sun.boot.library.path" value="D:\Program Files\Java\jdk1.8.0_151\jre\bin"/>
    <property name="sun.java.command" value="C:\Users\lizha\AppData\Local\Temp\surefire3120960592368599585\surefirebooter881658015134189230.jar C:\Users\lizha\AppData\Local\Temp\surefire3120960592368599585 2018-08-31T11-27-22_851-jvmRun1 surefire5807337072275400621tmp surefire_01217221488894454732tmp"/>
    <property name="surefire.test.class.path" value="D:\wkide\yesincar-java-server\yesincar\map-service\target\test-classes;D:\wkide\yesincar-java-server\yesincar\map-service\target\classes;D:\wkide\yesincar-java-server\yesincar\internal-service\target\internal-service-0.0.1-SNAPSHOT.jar;C:\Users\lizha\.m2\repository\org\springframework\boot\spring-boot-starter-aop\2.0.4.RELEASE\spring-boot-starter-aop-2.0.4.RELEASE.jar;C:\Users\lizha\.m2\repository\org\springframework\spring-aop\5.0.8.RELEASE\spring-aop-5.0.8.RELEASE.jar;C:\Users\lizha\.m2\repository\org\aspectj\aspectjweaver\1.8.13\aspectjweaver-1.8.13.jar;C:\Users\lizha\.m2\repository\org\springframework\boot\spring-boot-starter-activemq\2.0.4.RELEASE\spring-boot-starter-activemq-2.0.4.RELEASE.jar;C:\Users\lizha\.m2\repository\org\springframework\spring-jms\5.0.8.RELEASE\spring-jms-5.0.8.RELEASE.jar;C:\Users\lizha\.m2\repository\org\springframework\spring-messaging\5.0.8.RELEASE\spring-messaging-5.0.8.RELEASE.jar;C:\Users\lizha\.m2\repository\org\springframework\spring-tx\5.0.8.RELEASE\spring-tx-5.0.8.RELEASE.jar;C:\Users\lizha\.m2\repository\org\apache\activemq\activemq-broker\5.15.4\activemq-broker-5.15.4.jar;C:\Users\lizha\.m2\repository\org\apache\activemq\activemq-openwire-legacy\5.15.4\activemq-openwire-legacy-5.15.4.jar;C:\Users\lizha\.m2\repository\com\google\guava\guava\18.0\guava-18.0.jar;C:\Users\lizha\.m2\repository\javax\jms\javax.jms-api\2.0.1\javax.jms-api-2.0.1.jar;C:\Users\lizha\.m2\repository\org\apache\activemq\activemq-pool\5.15.4\activemq-pool-5.15.4.jar;C:\Users\lizha\.m2\repository\org\slf4j\slf4j-api\1.7.25\slf4j-api-1.7.25.jar;C:\Users\lizha\.m2\repository\org\apache\activemq\activemq-jms-pool\5.15.4\activemq-jms-pool-5.15.4.jar;C:\Users\lizha\.m2\repository\org\apache\geronimo\specs\geronimo-jms_1.1_spec\1.1.1\geronimo-jms_1.1_spec-1.1.1.jar;C:\Users\lizha\.m2\repository\org\apache\activemq\activemq-client\5.15.4\activemq-client-5.15.4.jar;C:\Users\lizha\.m2\repository\org\fusesource\hawtbuf\hawtbuf\1.11\hawtbuf-1.11.jar;C:\Users\lizha\.m2\repository\org\apache\geronimo\specs\geronimo-j2ee-management_1.1_spec\1.0.1\geronimo-j2ee-management_1.1_spec-1.0.1.jar;C:\Users\lizha\.m2\repository\org\apache\geronimo\specs\geronimo-jta_1.0.1B_spec\1.0.1\geronimo-jta_1.0.1B_spec-1.0.1.jar;C:\Users\lizha\.m2\repository\org\apache\commons\commons-pool2\2.5.0\commons-pool2-2.5.0.jar;C:\Users\lizha\.m2\repository\org\apache\commons\commons-lang3\3.7\commons-lang3-3.7.jar;C:\Users\lizha\.m2\repository\net\sf\json-lib\json-lib\2.3\json-lib-2.3-jdk15.jar;C:\Users\lizha\.m2\repository\commons-beanutils\commons-beanutils\1.8.0\commons-beanutils-1.8.0.jar;C:\Users\lizha\.m2\repository\commons-collections\commons-collections\3.2.1\commons-collections-3.2.1.jar;C:\Users\lizha\.m2\repository\commons-lang\commons-lang\2.4\commons-lang-2.4.jar;C:\Users\lizha\.m2\repository\commons-logging\commons-logging\1.1.1\commons-logging-1.1.1.jar;C:\Users\lizha\.m2\repository\net\sf\ezmorph\ezmorph\1.0.6\ezmorph-1.0.6.jar;C:\Users\lizha\.m2\repository\com\aliyun\aliyun-java-sdk-core\3.3.1\aliyun-java-sdk-core-3.3.1.jar;C:\Users\lizha\.m2\repository\com\aliyun\aliyun-java-sdk-dyplsapi\1.0.1\aliyun-java-sdk-dyplsapi-1.0.1.jar;C:\Users\lizha\.m2\repository\com\aliyun\oss\aliyun-sdk-oss\2.8.2\aliyun-sdk-oss-2.8.2.jar;C:\Users\lizha\.m2\repository\org\springframework\boot\spring-boot-starter-cache\2.0.4.RELEASE\spring-boot-starter-cache-2.0.4.RELEASE.jar;C:\Users\lizha\.m2\repository\org\springframework\boot\spring-boot-starter\2.0.4.RELEASE\spring-boot-starter-2.0.4.RELEASE.jar;C:\Users\lizha\.m2\repository\org\springframework\boot\spring-boot-starter-logging\2.0.4.RELEASE\spring-boot-starter-logging-2.0.4.RELEASE.jar;C:\Users\lizha\.m2\repository\ch\qos\logback\logback-classic\1.2.3\logback-classic-1.2.3.jar;C:\Users\lizha\.m2\repository\ch\qos\logback\logback-core\1.2.3\logback-core-1.2.3.jar;C:\Users\lizha\.m2\repository\org\apache\logging\log4j\log4j-to-slf4j\2.10.0\log4j-to-slf4j-2.10.0.jar;C:\Users\lizha\.m2\repository\org\apache\logging\log4j\log4j-api\2.10.0\log4j-api-2.10.0.jar;C:\Users\lizha\.m2\repository\org\slf4j\jul-to-slf4j\1.7.25\jul-to-slf4j-1.7.25.jar;C:\Users\lizha\.m2\repository\javax\annotation\javax.annotation-api\1.3.2\javax.annotation-api-1.3.2.jar;C:\Users\lizha\.m2\repository\org\yaml\snakeyaml\1.19\snakeyaml-1.19.jar;C:\Users\lizha\.m2\repository\org\springframework\spring-context\5.0.8.RELEASE\spring-context-5.0.8.RELEASE.jar;C:\Users\lizha\.m2\repository\org\springframework\spring-beans\5.0.8.RELEASE\spring-beans-5.0.8.RELEASE.jar;C:\Users\lizha\.m2\repository\org\springframework\spring-expression\5.0.8.RELEASE\spring-expression-5.0.8.RELEASE.jar;C:\Users\lizha\.m2\repository\org\springframework\spring-context-support\5.0.8.RELEASE\spring-context-support-5.0.8.RELEASE.jar;C:\Users\lizha\.m2\repository\org\springframework\boot\spring-boot-devtools\2.0.4.RELEASE\spring-boot-devtools-2.0.4.RELEASE.jar;C:\Users\lizha\.m2\repository\org\springframework\boot\spring-boot\2.0.4.RELEASE\spring-boot-2.0.4.RELEASE.jar;C:\Users\lizha\.m2\repository\org\springframework\boot\spring-boot-autoconfigure\2.0.4.RELEASE\spring-boot-autoconfigure-2.0.4.RELEASE.jar;C:\Users\lizha\.m2\repository\org\springframework\boot\spring-boot-configuration-processor\2.0.4.RELEASE\spring-boot-configuration-processor-2.0.4.RELEASE.jar;C:\Users\lizha\.m2\repository\org\projectlombok\lombok\1.16.22\lombok-1.16.22.jar;C:\Users\lizha\.m2\repository\org\springframework\boot\spring-boot-starter-test\2.0.4.RELEASE\spring-boot-starter-test-2.0.4.RELEASE.jar;C:\Users\lizha\.m2\repository\org\springframework\boot\spring-boot-test\2.0.4.RELEASE\spring-boot-test-2.0.4.RELEASE.jar;C:\Users\lizha\.m2\repository\org\springframework\boot\spring-boot-test-autoconfigure\2.0.4.RELEASE\spring-boot-test-autoconfigure-2.0.4.RELEASE.jar;C:\Users\lizha\.m2\repository\com\jayway\jsonpath\json-path\2.4.0\json-path-2.4.0.jar;C:\Users\lizha\.m2\repository\net\minidev\json-smart\2.3\json-smart-2.3.jar;C:\Users\lizha\.m2\repository\net\minidev\accessors-smart\1.2\accessors-smart-1.2.jar;C:\Users\lizha\.m2\repository\org\ow2\asm\asm\5.0.4\asm-5.0.4.jar;C:\Users\lizha\.m2\repository\junit\junit\4.12\junit-4.12.jar;C:\Users\lizha\.m2\repository\org\assertj\assertj-core\3.9.1\assertj-core-3.9.1.jar;C:\Users\lizha\.m2\repository\org\mockito\mockito-core\2.15.0\mockito-core-2.15.0.jar;C:\Users\lizha\.m2\repository\net\bytebuddy\byte-buddy\1.7.11\byte-buddy-1.7.11.jar;C:\Users\lizha\.m2\repository\net\bytebuddy\byte-buddy-agent\1.7.11\byte-buddy-agent-1.7.11.jar;C:\Users\lizha\.m2\repository\org\objenesis\objenesis\2.6\objenesis-2.6.jar;C:\Users\lizha\.m2\repository\org\hamcrest\hamcrest-core\1.3\hamcrest-core-1.3.jar;C:\Users\lizha\.m2\repository\org\hamcrest\hamcrest-library\1.3\hamcrest-library-1.3.jar;C:\Users\lizha\.m2\repository\org\skyscreamer\jsonassert\1.5.0\jsonassert-1.5.0.jar;C:\Users\lizha\.m2\repository\com\vaadin\external\google\android-json\0.0.20131108.vaadin1\android-json-0.0.20131108.vaadin1.jar;C:\Users\lizha\.m2\repository\org\springframework\spring-core\5.0.8.RELEASE\spring-core-5.0.8.RELEASE.jar;C:\Users\lizha\.m2\repository\org\springframework\spring-jcl\5.0.8.RELEASE\spring-jcl-5.0.8.RELEASE.jar;C:\Users\lizha\.m2\repository\org\springframework\spring-test\5.0.8.RELEASE\spring-test-5.0.8.RELEASE.jar;C:\Users\lizha\.m2\repository\org\xmlunit\xmlunit-core\2.5.1\xmlunit-core-2.5.1.jar;C:\Users\lizha\.m2\repository\org\springframework\boot\spring-boot-starter-web\2.0.4.RELEASE\spring-boot-starter-web-2.0.4.RELEASE.jar;C:\Users\lizha\.m2\repository\org\springframework\boot\spring-boot-starter-json\2.0.4.RELEASE\spring-boot-starter-json-2.0.4.RELEASE.jar;C:\Users\lizha\.m2\repository\com\fasterxml\jackson\core\jackson-databind\2.9.6\jackson-databind-2.9.6.jar;C:\Users\lizha\.m2\repository\com\fasterxml\jackson\core\jackson-annotations\2.9.0\jackson-annotations-2.9.0.jar;C:\Users\lizha\.m2\repository\com\fasterxml\jackson\core\jackson-core\2.9.6\jackson-core-2.9.6.jar;C:\Users\lizha\.m2\repository\com\fasterxml\jackson\datatype\jackson-datatype-jdk8\2.9.6\jackson-datatype-jdk8-2.9.6.jar;C:\Users\lizha\.m2\repository\com\fasterxml\jackson\datatype\jackson-datatype-jsr310\2.9.6\jackson-datatype-jsr310-2.9.6.jar;C:\Users\lizha\.m2\repository\com\fasterxml\jackson\module\jackson-module-parameter-names\2.9.6\jackson-module-parameter-names-2.9.6.jar;C:\Users\lizha\.m2\repository\org\springframework\boot\spring-boot-starter-tomcat\2.0.4.RELEASE\spring-boot-starter-tomcat-2.0.4.RELEASE.jar;C:\Users\lizha\.m2\repository\org\apache\tomcat\embed\tomcat-embed-core\8.5.32\tomcat-embed-core-8.5.32.jar;C:\Users\lizha\.m2\repository\org\apache\tomcat\embed\tomcat-embed-el\8.5.32\tomcat-embed-el-8.5.32.jar;C:\Users\lizha\.m2\repository\org\apache\tomcat\embed\tomcat-embed-websocket\8.5.32\tomcat-embed-websocket-8.5.32.jar;C:\Users\lizha\.m2\repository\org\hibernate\validator\hibernate-validator\6.0.11.Final\hibernate-validator-6.0.11.Final.jar;C:\Users\lizha\.m2\repository\javax\validation\validation-api\2.0.1.Final\validation-api-2.0.1.Final.jar;C:\Users\lizha\.m2\repository\org\jboss\logging\jboss-logging\3.3.2.Final\jboss-logging-3.3.2.Final.jar;C:\Users\lizha\.m2\repository\com\fasterxml\classmate\1.3.4\classmate-1.3.4.jar;C:\Users\lizha\.m2\repository\org\springframework\spring-web\5.0.8.RELEASE\spring-web-5.0.8.RELEASE.jar;C:\Users\lizha\.m2\repository\org\springframework\spring-webmvc\5.0.8.RELEASE\spring-webmvc-5.0.8.RELEASE.jar;"/>
    <property name="sun.cpu.endian" value="little"/>
    <property name="user.home" value="C:\Users\lizha"/>
    <property name="user.language" value="zh"/>
    <property name="java.specification.vendor" value="Oracle Corporation"/>
    <property name="java.home" value="D:\Program Files\Java\jdk1.8.0_151\jre"/>
    <property name="basedir" value="D:\wkide\yesincar-java-server\yesincar\map-service"/>
    <property name="file.separator" value="\"/>
    <property name="line.separator" value="&#10;"/>
    <property name="java.vm.specification.vendor" value="Oracle Corporation"/>
    <property name="java.specification.name" value="Java Platform API Specification"/>
    <property name="java.awt.graphicsenv" value="sun.awt.Win32GraphicsEnvironment"/>
    <property name="surefire.real.class.path" value="C:\Users\lizha\AppData\Local\Temp\surefire3120960592368599585\surefirebooter881658015134189230.jar"/>
    <property name="sun.boot.class.path" value="D:\Program Files\Java\jdk1.8.0_151\jre\lib\resources.jar;D:\Program Files\Java\jdk1.8.0_151\jre\lib\rt.jar;D:\Program Files\Java\jdk1.8.0_151\jre\lib\sunrsasign.jar;D:\Program Files\Java\jdk1.8.0_151\jre\lib\jsse.jar;D:\Program Files\Java\jdk1.8.0_151\jre\lib\jce.jar;D:\Program Files\Java\jdk1.8.0_151\jre\lib\charsets.jar;D:\Program Files\Java\jdk1.8.0_151\jre\lib\jfr.jar;D:\Program Files\Java\jdk1.8.0_151\jre\classes"/>
    <property name="user.script" value=""/>
    <property name="sun.management.compiler" value="HotSpot 64-Bit Tiered Compilers"/>
    <property name="java.runtime.version" value="1.8.0_151-b12"/>
    <property name="user.name" value="lizha"/>
    <property name="path.separator" value=";"/>
    <property name="os.version" value="10.0"/>
    <property name="java.endorsed.dirs" value="D:\Program Files\Java\jdk1.8.0_151\jre\lib\endorsed"/>
    <property name="java.runtime.name" value="Java(TM) SE Runtime Environment"/>
    <property name="file.encoding" value="GBK"/>
    <property name="java.vm.name" value="Java HotSpot(TM) 64-Bit Server VM"/>
    <property name="localRepository" value="C:\Users\lizha\.m2\repository"/>
    <property name="java.vendor.url.bug" value="http://bugreport.sun.com/bugreport/"/>
    <property name="java.io.tmpdir" value="C:\Users\lizha\AppData\Local\Temp\"/>
    <property name="idea.version" value="2018.2"/>
    <property name="java.version" value="1.8.0_151"/>
    <property name="user.dir" value="D:\wkide\yesincar-java-server\yesincar\map-service"/>
    <property name="os.arch" value="amd64"/>
    <property name="java.vm.specification.name" value="Java Virtual Machine Specification"/>
    <property name="java.awt.printerjob" value="sun.awt.windows.WPrinterJob"/>
    <property name="sun.os.patch.level" value=""/>
    <property name="java.library.path" value="D:\Program Files\Java\jdk1.8.0_151\jre\bin;C:\WINDOWS\Sun\Java\bin;C:\WINDOWS\system32;C:\WINDOWS;C:\ProgramData\Oracle\Java\javapath;C:\Program Files (x86)\Intel\iCLS Client\;C:\Program Files\Intel\iCLS Client\;C:\Windows\system32;C:\Windows;C:\Windows\System32\Wbem;C:\Windows\System32\WindowsPowerShell\v1.0\;C:\Program Files (x86)\NVIDIA Corporation\PhysX\Common;C:\Program Files (x86)\Intel\Intel(R) Management Engine Components\DAL;C:\Program Files\Intel\Intel(R) Management Engine Components\DAL;C:\Program Files (x86)\Intel\Intel(R) Management Engine Components\IPT;C:\Program Files\Intel\Intel(R) Management Engine Components\IPT;D:\maven\apache-maven-3.5.4\bin;D:\Program Files\nodejs\;C:\Program Files\MySQL\MySQL Utilities 1.6\;%SystemRoot%\system32;%SystemRoot%;%SystemRoot%\System32\Wbem;%SYSTEMROOT%\System32\WindowsPowerShell\v1.0\;%SYSTEMROOT%\System32\OpenSSH\;C:\Users\lizha\AppData\Local\Microsoft\WindowsApps;C:\Users\lizha\AppData\Local\GitHubDesktop\bin;C:\Users\lizha\AppData\Roaming\npm;%USERPROFILE%\AppData\Local\Microsoft\WindowsApps;;."/>
    <property name="java.vm.info" value="mixed mode"/>
    <property name="java.vendor" value="Oracle Corporation"/>
    <property name="java.vm.version" value="25.151-b12"/>
    <property name="java.ext.dirs" value="D:\Program Files\Java\jdk1.8.0_151\jre\lib\ext;C:\WINDOWS\Sun\Java\lib\ext"/>
    <property name="sun.io.unicode.encoding" value="UnicodeLittle"/>
    <property name="java.class.version" value="52.0"/>
  </properties>
  <testcase name="uploadCar" classname="com.lkmotion.yesincar.VehicleMapTest" time="0.118">
    <error type="java.lang.NullPointerException">java.lang.NullPointerException
	at com.lkmotion.yesincar.VehicleMapTest.uploadCar(VehicleMapTest.java:26)
</error>
    <system-out><![CDATA[
  .   ____          _            __ _ _
 /\\ / ___'_ __ _ _(_)_ __  __ _ \ \ \ \
( ( )\___ | '_ | '_| | '_ \/ _` | \ \ \ \
 \\/  ___)| |_)| | | | | || (_| |  ) ) ) )
  '  |____| .__|_| |_|_| |_\__, | / / / /
 =========|_|==============|___/=/_/_/_/
 :: Spring Boot ::        (v2.0.4.RELEASE)

2018-08-31 11:27:25,159 | &amp#27;[34mINFO &amp#27;[0;39m | &amp#27;[1;33mmain&amp#27;[0;39m | &amp#27;[1;32mcom.lkmotion.yesincar.VehicleMapTest&amp#27;[0;39m | (Jdk14Logger.java:99)- Starting VehicleMapTest on DESKTOP-IV77ACH with PID 13768 (started by lizha in D:\wkide\yesincar-java-server\yesincar\map-service)
2018-08-31 11:27:25,161 | &amp#27;[34mINFO &amp#27;[0;39m | &amp#27;[1;33mmain&amp#27;[0;39m | &amp#27;[1;32mcom.lkmotion.yesincar.VehicleMapTest&amp#27;[0;39m | (Jdk14Logger.java:99)- No active profile set, falling back to default profiles: default
2018-08-31 11:27:25,177 | &amp#27;[34mINFO &amp#27;[0;39m | &amp#27;[1;33mmain&amp#27;[0;39m | &amp#27;[1;32morg.springframework.boot.web.servlet.context.AnnotationConfigServletWebServerApplicationContext&amp#27;[0;39m | (Jdk14Logger.java:99)- Refreshing org.springframework.boot.web.servlet.context.AnnotationConfigServletWebServerApplicationContext@4fa1c212: startup date [Fri Aug 31 11:27:25 CST 2018]; root of context hierarchy
2018-08-31 11:27:26,715 | &amp#27;[34mINFO &amp#27;[0;39m | &amp#27;[1;33mmain&amp#27;[0;39m | &amp#27;[1;32morg.springframework.boot.web.embedded.tomcat.TomcatWebServer&amp#27;[0;39m | (Jdk14Logger.java:99)- Tomcat initialized with port(s): 0 (http)
2018-08-31 11:27:26,731 | &amp#27;[34mINFO &amp#27;[0;39m | &amp#27;[1;33mmain&amp#27;[0;39m | &amp#27;[1;32morg.apache.coyote.http11.Http11NioProtocol&amp#27;[0;39m | (DirectJDKLog.java:180)- Initializing ProtocolHandler ["http-nio-auto-1"]
2018-08-31 11:27:26,741 | &amp#27;[34mINFO &amp#27;[0;39m | &amp#27;[1;33mmain&amp#27;[0;39m | &amp#27;[1;32morg.apache.catalina.core.StandardService&amp#27;[0;39m | (DirectJDKLog.java:180)- Starting service [Tomcat]
2018-08-31 11:27:26,742 | &amp#27;[34mINFO &amp#27;[0;39m | &amp#27;[1;33mmain&amp#27;[0;39m | &amp#27;[1;32morg.apache.catalina.core.StandardEngine&amp#27;[0;39m | (DirectJDKLog.java:180)- Starting Servlet Engine: Apache Tomcat/8.5.32
2018-08-31 11:27:26,752 | &amp#27;[34mINFO &amp#27;[0;39m | &amp#27;[1;33mlocalhost-startStop-1&amp#27;[0;39m | &amp#27;[1;32morg.apache.catalina.core.AprLifecycleListener&amp#27;[0;39m | (DirectJDKLog.java:180)- The APR based Apache Tomcat Native library which allows optimal performance in production environments was not found on the java.library.path: [D:\Program Files\Java\jdk1.8.0_151\jre\bin;C:\WINDOWS\Sun\Java\bin;C:\WINDOWS\system32;C:\WINDOWS;C:\ProgramData\Oracle\Java\javapath;C:\Program Files (x86)\Intel\iCLS Client\;C:\Program Files\Intel\iCLS Client\;C:\Windows\system32;C:\Windows;C:\Windows\System32\Wbem;C:\Windows\System32\WindowsPowerShell\v1.0\;C:\Program Files (x86)\NVIDIA Corporation\PhysX\Common;C:\Program Files (x86)\Intel\Intel(R) Management Engine Components\DAL;C:\Program Files\Intel\Intel(R) Management Engine Components\DAL;C:\Program Files (x86)\Intel\Intel(R) Management Engine Components\IPT;C:\Program Files\Intel\Intel(R) Management Engine Components\IPT;D:\maven\apache-maven-3.5.4\bin;D:\Program Files\nodejs\;C:\Program Files\MySQL\MySQL Utilities 1.6\;%SystemRoot%\system32;%SystemRoot%;%SystemRoot%\System32\Wbem;%SYSTEMROOT%\System32\WindowsPowerShell\v1.0\;%SYSTEMROOT%\System32\OpenSSH\;C:\Users\lizha\AppData\Local\Microsoft\WindowsApps;C:\Users\lizha\AppData\Local\GitHubDesktop\bin;C:\Users\lizha\AppData\Roaming\npm;%USERPROFILE%\AppData\Local\Microsoft\WindowsApps;;.]
2018-08-31 11:27:26,857 | &amp#27;[34mINFO &amp#27;[0;39m | &amp#27;[1;33mlocalhost-startStop-1&amp#27;[0;39m | &amp#27;[1;32morg.apache.catalina.core.ContainerBase.[Tomcat].[localhost].[/]&amp#27;[0;39m | (DirectJDKLog.java:180)- Initializing Spring embedded WebApplicationContext
2018-08-31 11:27:26,857 | &amp#27;[34mINFO &amp#27;[0;39m | &amp#27;[1;33mlocalhost-startStop-1&amp#27;[0;39m | &amp#27;[1;32morg.springframework.web.context.ContextLoader&amp#27;[0;39m | (Jdk14Logger.java:99)- Root WebApplicationContext: initialization completed in 1680 ms
2018-08-31 11:27:26,928 | &amp#27;[34mINFO &amp#27;[0;39m | &amp#27;[1;33mlocalhost-startStop-1&amp#27;[0;39m | &amp#27;[1;32morg.springframework.boot.web.servlet.ServletRegistrationBean&amp#27;[0;39m | (Jdk14Logger.java:99)- Servlet dispatcherServlet mapped to [/]
2018-08-31 11:27:26,932 | &amp#27;[34mINFO &amp#27;[0;39m | &amp#27;[1;33mlocalhost-startStop-1&amp#27;[0;39m | &amp#27;[1;32morg.springframework.boot.web.servlet.FilterRegistrationBean&amp#27;[0;39m | (Jdk14Logger.java:99)- Mapping filter: 'characterEncodingFilter' to: [/*]
2018-08-31 11:27:26,933 | &amp#27;[34mINFO &amp#27;[0;39m | &amp#27;[1;33mlocalhost-startStop-1&amp#27;[0;39m | &amp#27;[1;32morg.springframework.boot.web.servlet.FilterRegistrationBean&amp#27;[0;39m | (Jdk14Logger.java:99)- Mapping filter: 'hiddenHttpMethodFilter' to: [/*]
2018-08-31 11:27:26,933 | &amp#27;[34mINFO &amp#27;[0;39m | &amp#27;[1;33mlocalhost-startStop-1&amp#27;[0;39m | &amp#27;[1;32morg.springframework.boot.web.servlet.FilterRegistrationBean&amp#27;[0;39m | (Jdk14Logger.java:99)- Mapping filter: 'httpPutFormContentFilter' to: [/*]
2018-08-31 11:27:26,933 | &amp#27;[34mINFO &amp#27;[0;39m | &amp#27;[1;33mlocalhost-startStop-1&amp#27;[0;39m | &amp#27;[1;32morg.springframework.boot.web.servlet.FilterRegistrationBean&amp#27;[0;39m | (Jdk14Logger.java:99)- Mapping filter: 'requestContextFilter' to: [/*]
2018-08-31 11:27:27,264 | &amp#27;[34mINFO &amp#27;[0;39m | &amp#27;[1;33mmain&amp#27;[0;39m | &amp#27;[1;32morg.springframework.web.servlet.handler.SimpleUrlHandlerMapping&amp#27;[0;39m | (Jdk14Logger.java:99)- Mapped URL path [/**/favicon.ico] onto handler of type [class org.springframework.web.servlet.resource.ResourceHttpRequestHandler]
2018-08-31 11:27:27,514 | &amp#27;[34mINFO &amp#27;[0;39m | &amp#27;[1;33mmain&amp#27;[0;39m | &amp#27;[1;32morg.springframework.web.servlet.mvc.method.annotation.RequestMappingHandlerAdapter&amp#27;[0;39m | (Jdk14Logger.java:99)- Looking for @ControllerAdvice: org.springframework.boot.web.servlet.context.AnnotationConfigServletWebServerApplicationContext@4fa1c212: startup date [Fri Aug 31 11:27:25 CST 2018]; root of context hierarchy
2018-08-31 11:27:27,577 | &amp#27;[34mINFO &amp#27;[0;39m | &amp#27;[1;33mmain&amp#27;[0;39m | &amp#27;[1;32morg.springframework.web.servlet.mvc.method.annotation.RequestMappingHandlerMapping&amp#27;[0;39m | (Jdk14Logger.java:99)- Mapped "{[/vehicleDispatch],methods=[POST]}" onto public com.lkmotion.yesincar.dto.ResponseResult com.lkmotion.yesincar.controller.DispatchController.dispatch(com.lkmotion.yesincar.dto.map.request.DispatchRequest)
2018-08-31 11:27:27,580 | &amp#27;[34mINFO &amp#27;[0;39m | &amp#27;[1;33mmain&amp#27;[0;39m | &amp#27;[1;32morg.springframework.web.servlet.mvc.method.annotation.RequestMappingHandlerMapping&amp#27;[0;39m | (Jdk14Logger.java:99)- Mapped "{[/distance],methods=[GET]}" onto public com.lkmotion.yesincar.dto.ResponseResult com.lkmotion.yesincar.controller.DistanceController.distance(com.lkmotion.yesincar.dto.map.request.DistanceRequest)
2018-08-31 11:27:27,584 | &amp#27;[34mINFO &amp#27;[0;39m | &amp#27;[1;33mmain&amp#27;[0;39m | &amp#27;[1;32morg.springframework.web.servlet.mvc.method.annotation.RequestMappingHandlerMapping&amp#27;[0;39m | (Jdk14Logger.java:99)- Mapped "{[/fence/meta],methods=[POST]}" onto public com.lkmotion.yesincar.dto.ResponseResult com.lkmotion.yesincar.controller.FenceController.create(com.lkmotion.yesincar.dto.map.request.FenceRequest)
2018-08-31 11:27:27,585 | &amp#27;[34mINFO &amp#27;[0;39m | &amp#27;[1;33mmain&amp#27;[0;39m | &amp#27;[1;32morg.springframework.web.servlet.mvc.method.annotation.RequestMappingHandlerMapping&amp#27;[0;39m | (Jdk14Logger.java:99)- Mapped "{[/fence/search],methods=[GET]}" onto public com.lkmotion.yesincar.dto.ResponseResult com.lkmotion.yesincar.controller.FenceController.search(com.lkmotion.yesincar.dto.map.request.FenceRequest)
2018-08-31 11:27:27,586 | &amp#27;[34mINFO &amp#27;[0;39m | &amp#27;[1;33mmain&amp#27;[0;39m | &amp#27;[1;32morg.springframework.web.servlet.mvc.method.annotation.RequestMappingHandlerMapping&amp#27;[0;39m | (Jdk14Logger.java:99)- Mapped "{[/fence/isInFence],methods=[GET]}" onto public com.lkmotion.yesincar.dto.ResponseResult com.lkmotion.yesincar.controller.FenceController.isInFence(com.lkmotion.yesincar.dto.map.request.FenceInRequest)
2018-08-31 11:27:27,586 | &amp#27;[34mINFO &amp#27;[0;39m | &amp#27;[1;33mmain&amp#27;[0;39m | &amp#27;[1;32morg.springframework.web.servlet.mvc.method.annotation.RequestMappingHandlerMapping&amp#27;[0;39m | (Jdk14Logger.java:99)- Mapped "{[/fence/searchByGids],methods=[GET]}" onto public com.lkmotion.yesincar.dto.ResponseResult com.lkmotion.yesincar.controller.FenceController.searchByGids(com.lkmotion.yesincar.dto.map.request.FenceRequest)
2018-08-31 11:27:27,587 | &amp#27;[34mINFO &amp#27;[0;39m | &amp#27;[1;33mmain&amp#27;[0;39m | &amp#27;[1;32morg.springframework.web.servlet.mvc.method.annotation.RequestMappingHandlerMapping&amp#27;[0;39m | (Jdk14Logger.java:99)- Mapped "{[/fence/delete/{gid}],methods=[GET]}" onto public com.lkmotion.yesincar.dto.ResponseResult com.lkmotion.yesincar.controller.FenceController.changeStatus(java.lang.String)
2018-08-31 11:27:27,588 | &amp#27;[34mINFO &amp#27;[0;39m | &amp#27;[1;33mmain&amp#27;[0;39m | &amp#27;[1;32morg.springframework.web.servlet.mvc.method.annotation.RequestMappingHandlerMapping&amp#27;[0;39m | (Jdk14Logger.java:99)- Mapped "{[/fence/changeStatus],methods=[POST]}" onto public com.lkmotion.yesincar.dto.ResponseResult com.lkmotion.yesincar.controller.FenceController.changeStatus(com.lkmotion.yesincar.dto.map.request.FenceRequest)
2018-08-31 11:27:27,589 | &amp#27;[34mINFO &amp#27;[0;39m | &amp#27;[1;33mmain&amp#27;[0;39m | &amp#27;[1;32morg.springframework.web.servlet.mvc.method.annotation.RequestMappingHandlerMapping&amp#27;[0;39m | (Jdk14Logger.java:99)- Mapped "{[/order],methods=[POST]}" onto public com.lkmotion.yesincar.dto.ResponseResult com.lkmotion.yesincar.controller.OrderController.order(com.lkmotion.yesincar.dto.map.request.OrderRequest)
2018-08-31 11:27:27,590 | &amp#27;[34mINFO &amp#27;[0;39m | &amp#27;[1;33mmain&amp#27;[0;39m | &amp#27;[1;32morg.springframework.web.servlet.mvc.method.annotation.RequestMappingHandlerMapping&amp#27;[0;39m | (Jdk14Logger.java:99)- Mapped "{[/route/distance],methods=[GET]}" onto public com.lkmotion.yesincar.dto.ResponseResult com.lkmotion.yesincar.controller.RouteController.distance(com.lkmotion.yesincar.dto.map.request.RouteRequest)
2018-08-31 11:27:27,591 | &amp#27;[34mINFO &amp#27;[0;39m | &amp#27;[1;33mmain&amp#27;[0;39m | &amp#27;[1;32morg.springframework.web.servlet.mvc.method.annotation.RequestMappingHandlerMapping&amp#27;[0;39m | (Jdk14Logger.java:99)- Mapped "{[/route/points],methods=[GET]}" onto public com.lkmotion.yesincar.dto.ResponseResult com.lkmotion.yesincar.controller.RouteController.points(com.lkmotion.yesincar.dto.map.request.RouteRequest)
2018-08-31 11:27:27,592 | &amp#27;[34mINFO &amp#27;[0;39m | &amp#27;[1;33mmain&amp#27;[0;39m | &amp#27;[1;32morg.springframework.web.servlet.mvc.method.annotation.RequestMappingHandlerMapping&amp#27;[0;39m | (Jdk14Logger.java:99)- Mapped "{[/test]}" onto public java.lang.String com.lkmotion.yesincar.controller.TestController.test()
2018-08-31 11:27:27,593 | &amp#27;[34mINFO &amp#27;[0;39m | &amp#27;[1;33mmain&amp#27;[0;39m | &amp#27;[1;32morg.springframework.web.servlet.mvc.method.annotation.RequestMappingHandlerMapping&amp#27;[0;39m | (Jdk14Logger.java:99)- Mapped "{[/vehicle],methods=[POST]}" onto public com.lkmotion.yesincar.dto.ResponseResult com.lkmotion.yesincar.controller.VehicleController.vehicle(com.lkmotion.yesincar.dto.map.request.VehicleRequest)
2018-08-31 11:27:27,597 | &amp#27;[34mINFO &amp#27;[0;39m | &amp#27;[1;33mmain&amp#27;[0;39m | &amp#27;[1;32morg.springframework.web.servlet.mvc.method.annotation.RequestMappingHandlerMapping&amp#27;[0;39m | (Jdk14Logger.java:99)- Mapped "{[/error]}" onto public org.springframework.http.ResponseEntity<java.util.Map<java.lang.String, java.lang.Object>> org.springframework.boot.autoconfigure.web.servlet.error.BasicErrorController.error(javax.servlet.http.HttpServletRequest)
2018-08-31 11:27:27,599 | &amp#27;[34mINFO &amp#27;[0;39m | &amp#27;[1;33mmain&amp#27;[0;39m | &amp#27;[1;32morg.springframework.web.servlet.mvc.method.annotation.RequestMappingHandlerMapping&amp#27;[0;39m | (Jdk14Logger.java:99)- Mapped "{[/error],produces=[text/html]}" onto public org.springframework.web.servlet.ModelAndView org.springframework.boot.autoconfigure.web.servlet.error.BasicErrorController.errorHtml(javax.servlet.http.HttpServletRequest,javax.servlet.http.HttpServletResponse)
2018-08-31 11:27:27,658 | &amp#27;[34mINFO &amp#27;[0;39m | &amp#27;[1;33mmain&amp#27;[0;39m | &amp#27;[1;32morg.springframework.web.servlet.handler.SimpleUrlHandlerMapping&amp#27;[0;39m | (Jdk14Logger.java:99)- Mapped URL path [/webjars/**] onto handler of type [class org.springframework.web.servlet.resource.ResourceHttpRequestHandler]
2018-08-31 11:27:27,659 | &amp#27;[34mINFO &amp#27;[0;39m | &amp#27;[1;33mmain&amp#27;[0;39m | &amp#27;[1;32morg.springframework.web.servlet.handler.SimpleUrlHandlerMapping&amp#27;[0;39m | (Jdk14Logger.java:99)- Mapped URL path [/**] onto handler of type [class org.springframework.web.servlet.resource.ResourceHttpRequestHandler]
2018-08-31 11:27:27,677 | &amp#27;[34mINFO &amp#27;[0;39m | &amp#27;[1;33mmain&amp#27;[0;39m | &amp#27;[1;32morg.springframework.web.servlet.mvc.method.annotation.ExceptionHandlerExceptionResolver&amp#27;[0;39m | (Jdk14Logger.java:99)- Detected @ExceptionHandler methods in globalExceptionHandler
2018-08-31 11:27:28,021 | &amp#27;[34mINFO &amp#27;[0;39m | &amp#27;[1;33mmain&amp#27;[0;39m | &amp#27;[1;32morg.springframework.context.support.DefaultLifecycleProcessor&amp#27;[0;39m | (Jdk14Logger.java:99)- Starting beans in phase 2147483647
2018-08-31 11:27:28,026 | &amp#27;[34mINFO &amp#27;[0;39m | &amp#27;[1;33mmain&amp#27;[0;39m | &amp#27;[1;32morg.apache.coyote.http11.Http11NioProtocol&amp#27;[0;39m | (DirectJDKLog.java:180)- Starting ProtocolHandler ["http-nio-auto-1"]
2018-08-31 11:27:28,035 | &amp#27;[34mINFO &amp#27;[0;39m | &amp#27;[1;33mmain&amp#27;[0;39m | &amp#27;[1;32morg.apache.tomcat.util.net.NioSelectorPool&amp#27;[0;39m | (DirectJDKLog.java:180)- Using a shared selector for servlet write/read
2018-08-31 11:27:28,051 | &amp#27;[34mINFO &amp#27;[0;39m | &amp#27;[1;33mmain&amp#27;[0;39m | &amp#27;[1;32morg.springframework.boot.web.embedded.tomcat.TomcatWebServer&amp#27;[0;39m | (Jdk14Logger.java:99)- Tomcat started on port(s): 49816 (http) with context path ''
2018-08-31 11:27:28,056 | &amp#27;[34mINFO &amp#27;[0;39m | &amp#27;[1;33mmain&amp#27;[0;39m | &amp#27;[1;32mcom.lkmotion.yesincar.VehicleMapTest&amp#27;[0;39m | (Jdk14Logger.java:99)- Started VehicleMapTest in 3.24 seconds (JVM running for 4.008)
]]></system-out>
    <system-err><![CDATA[八月 31, 2018 11:27:24 上午 org.springframework.test.context.support.AbstractTestContextBootstrapper buildDefaultMergedContextConfiguration
信息: Neither @ContextConfiguration nor @ContextHierarchy found for test class [com.lkmotion.yesincar.VehicleMapTest], using SpringBootContextLoader
八月 31, 2018 11:27:24 上午 org.springframework.test.context.support.AbstractContextLoader generateDefaultLocations
信息: Could not detect default resource locations for test class [com.lkmotion.yesincar.VehicleMapTest]: no resource found for suffixes {-context.xml, Context.groovy}.
八月 31, 2018 11:27:24 上午 org.springframework.test.context.support.AnnotationConfigContextLoaderUtils detectDefaultConfigurationClasses
信息: Could not detect default configuration classes for test class [com.lkmotion.yesincar.VehicleMapTest]: VehicleMapTest does not declare any static, non-private, non-final, nested classes annotated with @Configuration.
八月 31, 2018 11:27:24 上午 org.springframework.boot.test.context.SpringBootTestContextBootstrapper getOrFindConfigurationClasses
信息: Found @SpringBootConfiguration com.lkmotion.yesincar.MapServiceApplication for test class com.lkmotion.yesincar.VehicleMapTest
八月 31, 2018 11:27:24 上午 org.springframework.test.context.support.AbstractTestContextBootstrapper getDefaultTestExecutionListenerClassNames
信息: Loaded default TestExecutionListener class names from location [META-INF/spring.factories]: [org.springframework.boot.test.mock.mockito.MockitoTestExecutionListener, org.springframework.boot.test.mock.mockito.ResetMocksTestExecutionListener, org.springframework.boot.test.autoconfigure.restdocs.RestDocsTestExecutionListener, org.springframework.boot.test.autoconfigure.web.client.MockRestServiceServerResetTestExecutionListener, org.springframework.boot.test.autoconfigure.web.servlet.MockMvcPrintOnlyOnFailureTestExecutionListener, org.springframework.boot.test.autoconfigure.web.servlet.WebDriverTestExecutionListener, org.springframework.test.context.web.ServletTestExecutionListener, org.springframework.test.context.support.DirtiesContextBeforeModesTestExecutionListener, org.springframework.test.context.support.DependencyInjectionTestExecutionListener, org.springframework.test.context.support.DirtiesContextTestExecutionListener, org.springframework.test.context.transaction.TransactionalTestExecutionListener, org.springframework.test.context.jdbc.SqlScriptsTestExecutionListener]
八月 31, 2018 11:27:24 上午 org.springframework.test.context.support.AbstractTestContextBootstrapper getTestExecutionListeners
信息: Using TestExecutionListeners: [org.springframework.test.context.web.ServletTestExecutionListener@5ffead27, org.springframework.test.context.support.DirtiesContextBeforeModesTestExecutionListener@6356695f, org.springframework.boot.test.mock.mockito.MockitoTestExecutionListener@4f18837a, org.springframework.boot.test.autoconfigure.SpringBootDependencyInjectionTestExecutionListener@359f7cdf, org.springframework.test.context.support.DirtiesContextTestExecutionListener@1fa268de, org.springframework.test.context.transaction.TransactionalTestExecutionListener@4f6ee6e4, org.springframework.test.context.jdbc.SqlScriptsTestExecutionListener@4466af20, org.springframework.boot.test.mock.mockito.ResetMocksTestExecutionListener@a514af7, org.springframework.boot.test.autoconfigure.restdocs.RestDocsTestExecutionListener@6b927fb, org.springframework.boot.test.autoconfigure.web.client.MockRestServiceServerResetTestExecutionListener@3e58a80e, org.springframework.boot.test.autoconfigure.web.servlet.MockMvcPrintOnlyOnFailureTestExecutionListener@4fb61f4a, org.springframework.boot.test.autoconfigure.web.servlet.WebDriverTestExecutionListener@4fb0f2b9]
]]></system-err>
  </testcase>
</testsuite>